<?xml version="1.0" encoding="UTF-8"?>
<testsuite name="test.java.TestTouristArrangement" tests="9" skipped="0" failures="0" errors="0" timestamp="2023-02-22T07:37:18" hostname="phus-MacBook-Pro.local" time="0.056">
  <properties/>
  <testcase name="TestThreeTouristThreeRoom()" classname="test.java.TestTouristArrangement" time="0.036"/>
  <testcase name="TestOneTouristOneRoom()" classname="test.java.TestTouristArrangement" time="0.0"/>
  <testcase name="TestTwoTouristOneRoom()" classname="test.java.TestTouristArrangement" time="0.001"/>
  <testcase name="TestOneTouristTwoRoom()" classname="test.java.TestTouristArrangement" time="0.0"/>
  <testcase name="TestTwoTouristTwoRoom()" classname="test.java.TestTouristArrangement" time="0.001"/>
  <testcase name="TestSample()" classname="test.java.TestTouristArrangement" time="0.001"/>
  <testcase name="Test1()" classname="test.java.TestTouristArrangement" time="0.009"/>
  <testcase name="Test2()" classname="test.java.TestTouristArrangement" time="0.0"/>
  <testcase name="TestThreeTouristOneRoom()" classname="test.java.TestTouristArrangement" time="0.0"/>
  <system-out><![CDATA[]]></system-out>
  <system-err><![CDATA[]]></system-err>
</testsuite>
